[Tue Oct 13 09:07:07.749659 2020] [ssl:warn] [pid 1072:tid 736] AH01909: localhost:443:0 server certificate does NOT include an ID which matches the server name
[Tue Oct 13 09:07:07.795690 2020] [ssl:warn] [pid 1072:tid 736] AH01909: localhost:443:0 server certificate does NOT include an ID which matches the server name
[Tue Oct 13 09:07:07.822703 2020] [mpm_winnt:notice] [pid 1072:tid 736] AH00455: Apache/2.4.46 (Win64) OpenSSL/1.1.1g PHP/7.4.10 configured -- resuming normal operations
[Tue Oct 13 09:07:07.822703 2020] [mpm_winnt:notice] [pid 1072:tid 736] AH00456: Apache Lounge VC15 Server built: Aug  4 2020 11:50:23
[Tue Oct 13 09:07:07.822703 2020] [core:notice] [pid 1072:tid 736] AH00094: Command line: 'C:\\Bitnami\\wordpress-5.5.1-1\\apache2\\bin\\httpd.exe -d C:/Bitnami/wordpress-5.5.1-1/apache2 -f C:\\Bitnami\\wordpress-5.5.1-1\\apache2\\conf\\httpd.conf'
[Tue Oct 13 09:07:07.824681 2020] [mpm_winnt:notice] [pid 1072:tid 736] AH00418: Parent: Created child process 1964
[Tue Oct 13 09:07:08.139280 2020] [ssl:warn] [pid 1964:tid 640] AH01909: localhost:443:0 server certificate does NOT include an ID which matches the server name
[Tue Oct 13 09:07:08.183289 2020] [ssl:warn] [pid 1964:tid 640] AH01909: localhost:443:0 server certificate does NOT include an ID which matches the server name
[Tue Oct 13 09:07:08.206287 2020] [mpm_winnt:notice] [pid 1964:tid 640] AH00354: Child: Starting 64 worker threads.
[Tue Oct 13 09:07:14.699884 2020] [mpm_winnt:notice] [pid 1072:tid 736] AH00422: Parent: Received shutdown signal -- Shutting down the server.
[Tue Oct 13 09:07:16.701335 2020] [mpm_winnt:notice] [pid 1964:tid 640] AH00364: Child: All worker threads have exited.
[Tue Oct 13 09:07:16.717959 2020] [mpm_winnt:notice] [pid 1072:tid 736] AH00430: Parent: Child process 1964 exited successfully.
[Tue Oct 13 09:07:18.411565 2020] [ssl:warn] [pid 12240:tid 724] AH01909: localhost:443:0 server certificate does NOT include an ID which matches the server name
[Tue Oct 13 09:07:18.458856 2020] [ssl:warn] [pid 12240:tid 724] AH01909: localhost:443:0 server certificate does NOT include an ID which matches the server name
[Tue Oct 13 09:07:18.482862 2020] [mpm_winnt:notice] [pid 12240:tid 724] AH00455: Apache/2.4.46 (Win64) OpenSSL/1.1.1g PHP/7.4.10 configured -- resuming normal operations
[Tue Oct 13 09:07:18.482862 2020] [mpm_winnt:notice] [pid 12240:tid 724] AH00456: Apache Lounge VC15 Server built: Aug  4 2020 11:50:23
[Tue Oct 13 09:07:18.482862 2020] [core:notice] [pid 12240:tid 724] AH00094: Command line: 'C:\\Bitnami\\wordpress-5.5.1-1\\apache2\\bin\\httpd.exe -d C:/Bitnami/wordpress-5.5.1-1/apache2 -f C:\\Bitnami\\wordpress-5.5.1-1\\apache2\\conf\\httpd.conf'
[Tue Oct 13 09:07:18.483863 2020] [mpm_winnt:notice] [pid 12240:tid 724] AH00418: Parent: Created child process 15664
[Tue Oct 13 09:07:18.794940 2020] [ssl:warn] [pid 15664:tid 672] AH01909: localhost:443:0 server certificate does NOT include an ID which matches the server name
[Tue Oct 13 09:07:18.837961 2020] [ssl:warn] [pid 15664:tid 672] AH01909: localhost:443:0 server certificate does NOT include an ID which matches the server name
[Tue Oct 13 09:07:18.861955 2020] [mpm_winnt:notice] [pid 15664:tid 672] AH00354: Child: Starting 64 worker threads.
[Tue Oct 13 09:07:27.706588 2020] [mpm_winnt:notice] [pid 12240:tid 724] AH00422: Parent: Received shutdown signal -- Shutting down the server.
[Tue Oct 13 09:07:29.707685 2020] [mpm_winnt:notice] [pid 15664:tid 672] AH00364: Child: All worker threads have exited.
[Tue Oct 13 09:07:29.725683 2020] [mpm_winnt:notice] [pid 12240:tid 724] AH00430: Parent: Child process 15664 exited successfully.
[Tue Oct 13 09:07:31.545494 2020] [ssl:warn] [pid 1196:tid 656] AH01909: localhost:443:0 server certificate does NOT include an ID which matches the server name
[Tue Oct 13 09:07:31.601506 2020] [ssl:warn] [pid 1196:tid 656] AH01909: localhost:443:0 server certificate does NOT include an ID which matches the server name
[Tue Oct 13 09:07:31.629513 2020] [mpm_winnt:notice] [pid 1196:tid 656] AH00455: Apache/2.4.46 (Win64) OpenSSL/1.1.1g PHP/7.4.10 configured -- resuming normal operations
[Tue Oct 13 09:07:31.629513 2020] [mpm_winnt:notice] [pid 1196:tid 656] AH00456: Apache Lounge VC15 Server built: Aug  4 2020 11:50:23
[Tue Oct 13 09:07:31.629513 2020] [core:notice] [pid 1196:tid 656] AH00094: Command line: 'C:\\Bitnami\\wordpress-5.5.1-1\\apache2\\bin\\httpd.exe -d C:/Bitnami/wordpress-5.5.1-1/apache2 -f C:\\Bitnami\\wordpress-5.5.1-1\\apache2\\conf\\httpd.conf'
[Tue Oct 13 09:07:31.630513 2020] [mpm_winnt:notice] [pid 1196:tid 656] AH00418: Parent: Created child process 6596
[Tue Oct 13 09:07:31.963269 2020] [ssl:warn] [pid 6596:tid 640] AH01909: localhost:443:0 server certificate does NOT include an ID which matches the server name
[Tue Oct 13 09:07:32.018267 2020] [ssl:warn] [pid 6596:tid 640] AH01909: localhost:443:0 server certificate does NOT include an ID which matches the server name
[Tue Oct 13 09:07:32.044273 2020] [mpm_winnt:notice] [pid 6596:tid 640] AH00354: Child: Starting 64 worker threads.
[Wed Oct 14 02:09:32.705910 2020] [php7:error] [pid 6596:tid 1252] [client 127.0.0.1:50499] PHP Fatal error:  Allowed memory size of 536870912 bytes exhausted (tried to allocate 28672 bytes) in C:\\Bitnami\\wordpress-5.5.1-1\\apps\\wordpress\\htdocs\\wp-includes\\class-wp-image-editor-gd.php on line 354, referer: http://127.0.0.1/wordpress/wp-admin/customize.php?return=%2Fwordpress%2Fwp-admin%2Fthemes.php&autofocus%5Bcontrol%5D=background_image
[Wed Oct 14 02:09:33.468680 2020] [php7:error] [pid 6596:tid 1260] [client 127.0.0.1:50497] PHP Fatal error:  Allowed memory size of 536870912 bytes exhausted (tried to allocate 28672 bytes) in C:\\Bitnami\\wordpress-5.5.1-1\\apps\\wordpress\\htdocs\\wp-includes\\class-wp-image-editor-gd.php on line 354, referer: http://127.0.0.1/wordpress/wp-admin/customize.php?return=%2Fwordpress%2Fwp-admin%2Fthemes.php&autofocus%5Bcontrol%5D=background_image
[Wed Oct 14 02:34:13.650277 2020] [mpm_winnt:notice] [pid 1196:tid 656] AH00428: Parent: child process 6596 exited with status 3221226356 -- Restarting.
[Wed Oct 14 02:34:13.712615 2020] [ssl:warn] [pid 1196:tid 656] AH01909: localhost:443:0 server certificate does NOT include an ID which matches the server name
[Wed Oct 14 02:34:13.739552 2020] [mpm_winnt:notice] [pid 1196:tid 656] AH00455: Apache/2.4.46 (Win64) OpenSSL/1.1.1g PHP/7.4.10 configured -- resuming normal operations
[Wed Oct 14 02:34:13.739552 2020] [mpm_winnt:notice] [pid 1196:tid 656] AH00456: Apache Lounge VC15 Server built: Aug  4 2020 11:50:23
[Wed Oct 14 02:34:13.739552 2020] [core:notice] [pid 1196:tid 656] AH00094: Command line: 'C:\\Bitnami\\wordpress-5.5.1-1\\apache2\\bin\\httpd.exe -d C:/Bitnami/wordpress-5.5.1-1/apache2 -f C:\\Bitnami\\wordpress-5.5.1-1\\apache2\\conf\\httpd.conf'
[Wed Oct 14 02:34:13.740551 2020] [mpm_winnt:notice] [pid 1196:tid 656] AH00418: Parent: Created child process 1696
[Wed Oct 14 02:34:13.992673 2020] [ssl:warn] [pid 1696:tid 656] AH01909: localhost:443:0 server certificate does NOT include an ID which matches the server name
[Wed Oct 14 02:34:14.037683 2020] [ssl:warn] [pid 1696:tid 656] AH01909: localhost:443:0 server certificate does NOT include an ID which matches the server name
[Wed Oct 14 02:34:14.063671 2020] [mpm_winnt:notice] [pid 1696:tid 656] AH00354: Child: Starting 64 worker threads.
[Wed Oct 14 09:03:48.722299 2020] [mpm_winnt:notice] [pid 1196:tid 656] AH00428: Parent: child process 1696 exited with status 3221226356 -- Restarting.
[Wed Oct 14 09:03:48.834326 2020] [ssl:warn] [pid 1196:tid 656] AH01909: localhost:443:0 server certificate does NOT include an ID which matches the server name
[Wed Oct 14 09:03:48.879020 2020] [mpm_winnt:notice] [pid 1196:tid 656] AH00455: Apache/2.4.46 (Win64) OpenSSL/1.1.1g PHP/7.4.10 configured -- resuming normal operations
[Wed Oct 14 09:03:48.879020 2020] [mpm_winnt:notice] [pid 1196:tid 656] AH00456: Apache Lounge VC15 Server built: Aug  4 2020 11:50:23
[Wed Oct 14 09:03:48.879020 2020] [core:notice] [pid 1196:tid 656] AH00094: Command line: 'C:\\Bitnami\\wordpress-5.5.1-1\\apache2\\bin\\httpd.exe -d C:/Bitnami/wordpress-5.5.1-1/apache2 -f C:\\Bitnami\\wordpress-5.5.1-1\\apache2\\conf\\httpd.conf'
[Wed Oct 14 09:03:48.881022 2020] [mpm_winnt:notice] [pid 1196:tid 656] AH00418: Parent: Created child process 21408
[Wed Oct 14 09:03:49.497670 2020] [ssl:warn] [pid 21408:tid 644] AH01909: localhost:443:0 server certificate does NOT include an ID which matches the server name
[Wed Oct 14 09:03:49.595674 2020] [ssl:warn] [pid 21408:tid 644] AH01909: localhost:443:0 server certificate does NOT include an ID which matches the server name
[Wed Oct 14 09:03:49.643705 2020] [mpm_winnt:notice] [pid 21408:tid 644] AH00354: Child: Starting 64 worker threads.
[Wed Oct 14 10:18:34.089995 2020] [mpm_winnt:notice] [pid 1196:tid 656] AH00428: Parent: child process 21408 exited with status 3221226356 -- Restarting.
[Wed Oct 14 10:18:34.194151 2020] [ssl:warn] [pid 1196:tid 656] AH01909: localhost:443:0 server certificate does NOT include an ID which matches the server name
[Wed Oct 14 10:18:34.244165 2020] [mpm_winnt:notice] [pid 1196:tid 656] AH00455: Apache/2.4.46 (Win64) OpenSSL/1.1.1g PHP/7.4.10 configured -- resuming normal operations
[Wed Oct 14 10:18:34.244165 2020] [mpm_winnt:notice] [pid 1196:tid 656] AH00456: Apache Lounge VC15 Server built: Aug  4 2020 11:50:23
[Wed Oct 14 10:18:34.244165 2020] [core:notice] [pid 1196:tid 656] AH00094: Command line: 'C:\\Bitnami\\wordpress-5.5.1-1\\apache2\\bin\\httpd.exe -d C:/Bitnami/wordpress-5.5.1-1/apache2 -f C:\\Bitnami\\wordpress-5.5.1-1\\apache2\\conf\\httpd.conf'
[Wed Oct 14 10:18:34.248166 2020] [mpm_winnt:notice] [pid 1196:tid 656] AH00418: Parent: Created child process 16132
[Wed Oct 14 10:18:34.794430 2020] [ssl:warn] [pid 16132:tid 668] AH01909: localhost:443:0 server certificate does NOT include an ID which matches the server name
[Wed Oct 14 10:18:34.904457 2020] [ssl:warn] [pid 16132:tid 668] AH01909: localhost:443:0 server certificate does NOT include an ID which matches the server name
[Wed Oct 14 10:18:34.958471 2020] [mpm_winnt:notice] [pid 16132:tid 668] AH00354: Child: Starting 64 worker threads.
[Wed Oct 14 12:54:35.970816 2020] [mpm_winnt:notice] [pid 1196:tid 656] AH00428: Parent: child process 16132 exited with status 3221226356 -- Restarting.
[Wed Oct 14 12:54:36.023367 2020] [ssl:warn] [pid 1196:tid 656] AH01909: localhost:443:0 server certificate does NOT include an ID which matches the server name
[Wed Oct 14 12:54:36.043373 2020] [mpm_winnt:notice] [pid 1196:tid 656] AH00455: Apache/2.4.46 (Win64) OpenSSL/1.1.1g PHP/7.4.10 configured -- resuming normal operations
[Wed Oct 14 12:54:36.043373 2020] [mpm_winnt:notice] [pid 1196:tid 656] AH00456: Apache Lounge VC15 Server built: Aug  4 2020 11:50:23
[Wed Oct 14 12:54:36.043373 2020] [core:notice] [pid 1196:tid 656] AH00094: Command line: 'C:\\Bitnami\\wordpress-5.5.1-1\\apache2\\bin\\httpd.exe -d C:/Bitnami/wordpress-5.5.1-1/apache2 -f C:\\Bitnami\\wordpress-5.5.1-1\\apache2\\conf\\httpd.conf'
[Wed Oct 14 12:54:36.045373 2020] [mpm_winnt:notice] [pid 1196:tid 656] AH00418: Parent: Created child process 9668
[Wed Oct 14 12:54:36.367444 2020] [ssl:warn] [pid 9668:tid 580] AH01909: localhost:443:0 server certificate does NOT include an ID which matches the server name
[Wed Oct 14 12:54:36.414455 2020] [ssl:warn] [pid 9668:tid 580] AH01909: localhost:443:0 server certificate does NOT include an ID which matches the server name
[Wed Oct 14 12:54:36.438461 2020] [mpm_winnt:notice] [pid 9668:tid 580] AH00354: Child: Starting 64 worker threads.
[Wed Oct 14 13:23:48.694725 2020] [mpm_winnt:notice] [pid 1196:tid 656] AH00428: Parent: child process 9668 exited with status 3221226356 -- Restarting.
[Wed Oct 14 13:23:48.745737 2020] [ssl:warn] [pid 1196:tid 656] AH01909: localhost:443:0 server certificate does NOT include an ID which matches the server name
[Wed Oct 14 13:23:48.766355 2020] [mpm_winnt:notice] [pid 1196:tid 656] AH00455: Apache/2.4.46 (Win64) OpenSSL/1.1.1g PHP/7.4.10 configured -- resuming normal operations
[Wed Oct 14 13:23:48.766355 2020] [mpm_winnt:notice] [pid 1196:tid 656] AH00456: Apache Lounge VC15 Server built: Aug  4 2020 11:50:23
[Wed Oct 14 13:23:48.766355 2020] [core:notice] [pid 1196:tid 656] AH00094: Command line: 'C:\\Bitnami\\wordpress-5.5.1-1\\apache2\\bin\\httpd.exe -d C:/Bitnami/wordpress-5.5.1-1/apache2 -f C:\\Bitnami\\wordpress-5.5.1-1\\apache2\\conf\\httpd.conf'
[Wed Oct 14 13:23:48.767356 2020] [mpm_winnt:notice] [pid 1196:tid 656] AH00418: Parent: Created child process 7828
[Wed Oct 14 13:23:49.080579 2020] [ssl:warn] [pid 7828:tid 644] AH01909: localhost:443:0 server certificate does NOT include an ID which matches the server name
[Wed Oct 14 13:23:49.129590 2020] [ssl:warn] [pid 7828:tid 644] AH01909: localhost:443:0 server certificate does NOT include an ID which matches the server name
[Wed Oct 14 13:23:49.152595 2020] [mpm_winnt:notice] [pid 7828:tid 644] AH00354: Child: Starting 64 worker threads.
[Thu Oct 15 04:20:06.368632 2020] [php7:error] [pid 7828:tid 1300] [client 127.0.0.1:63168] PHP Fatal error:  Allowed memory size of 536870912 bytes exhausted (tried to allocate 28672 bytes) in C:\\Bitnami\\wordpress-5.5.1-1\\apps\\wordpress\\htdocs\\wp-includes\\class-wp-image-editor-gd.php on line 354, referer: http://127.0.0.1/wordpress/wp-admin/customize.php?url=http://127.0.0.1/wordpress/wp-login.php&autofocus=loginpress_panel
[Thu Oct 15 04:20:06.370631 2020] [php7:error] [pid 7828:tid 1300] [client 127.0.0.1:63168] PHP Fatal error:  Allowed memory size of 536870912 bytes exhausted (tried to allocate 65536 bytes) in C:\\Bitnami\\wordpress-5.5.1-1\\apps\\wordpress\\htdocs\\wp-content\\plugins\\wp-mail-smtp\\vendor\\woocommerce\\action-scheduler\\classes\\abstracts\\ActionScheduler.php on line 122, referer: http://127.0.0.1/wordpress/wp-admin/customize.php?url=http://127.0.0.1/wordpress/wp-login.php&autofocus=loginpress_panel
[Thu Oct 15 07:30:24.864673 2020] [mpm_winnt:notice] [pid 1196:tid 656] AH00428: Parent: child process 7828 exited with status 255 -- Restarting.
[Thu Oct 15 07:30:24.948693 2020] [ssl:warn] [pid 1196:tid 656] AH01909: localhost:443:0 server certificate does NOT include an ID which matches the server name
[Thu Oct 15 07:30:24.975697 2020] [mpm_winnt:notice] [pid 1196:tid 656] AH00455: Apache/2.4.46 (Win64) OpenSSL/1.1.1g PHP/7.4.10 configured -- resuming normal operations
[Thu Oct 15 07:30:24.975697 2020] [mpm_winnt:notice] [pid 1196:tid 656] AH00456: Apache Lounge VC15 Server built: Aug  4 2020 11:50:23
[Thu Oct 15 07:30:24.975697 2020] [core:notice] [pid 1196:tid 656] AH00094: Command line: 'C:\\Bitnami\\wordpress-5.5.1-1\\apache2\\bin\\httpd.exe -d C:/Bitnami/wordpress-5.5.1-1/apache2 -f C:\\Bitnami\\wordpress-5.5.1-1\\apache2\\conf\\httpd.conf'
[Thu Oct 15 07:30:24.976699 2020] [mpm_winnt:notice] [pid 1196:tid 656] AH00418: Parent: Created child process 3000
[Thu Oct 15 07:30:25.413303 2020] [ssl:warn] [pid 3000:tid 644] AH01909: localhost:443:0 server certificate does NOT include an ID which matches the server name
[Thu Oct 15 07:30:25.470317 2020] [ssl:warn] [pid 3000:tid 644] AH01909: localhost:443:0 server certificate does NOT include an ID which matches the server name
[Thu Oct 15 07:30:25.496323 2020] [mpm_winnt:notice] [pid 3000:tid 644] AH00354: Child: Starting 64 worker threads.
[Thu Oct 15 07:36:25.398151 2020] [mpm_winnt:notice] [pid 1196:tid 656] AH00428: Parent: child process 3000 exited with status 3221226356 -- Restarting.
[Thu Oct 15 07:36:25.452170 2020] [ssl:warn] [pid 1196:tid 656] AH01909: localhost:443:0 server certificate does NOT include an ID which matches the server name
[Thu Oct 15 07:36:25.474160 2020] [mpm_winnt:notice] [pid 1196:tid 656] AH00455: Apache/2.4.46 (Win64) OpenSSL/1.1.1g PHP/7.4.10 configured -- resuming normal operations
[Thu Oct 15 07:36:25.474160 2020] [mpm_winnt:notice] [pid 1196:tid 656] AH00456: Apache Lounge VC15 Server built: Aug  4 2020 11:50:23
[Thu Oct 15 07:36:25.474160 2020] [core:notice] [pid 1196:tid 656] AH00094: Command line: 'C:\\Bitnami\\wordpress-5.5.1-1\\apache2\\bin\\httpd.exe -d C:/Bitnami/wordpress-5.5.1-1/apache2 -f C:\\Bitnami\\wordpress-5.5.1-1\\apache2\\conf\\httpd.conf'
[Thu Oct 15 07:36:25.475162 2020] [mpm_winnt:notice] [pid 1196:tid 656] AH00418: Parent: Created child process 17220
[Thu Oct 15 07:36:25.795295 2020] [ssl:warn] [pid 17220:tid 656] AH01909: localhost:443:0 server certificate does NOT include an ID which matches the server name
[Thu Oct 15 07:36:25.847116 2020] [ssl:warn] [pid 17220:tid 656] AH01909: localhost:443:0 server certificate does NOT include an ID which matches the server name
[Thu Oct 15 07:36:25.873109 2020] [mpm_winnt:notice] [pid 17220:tid 656] AH00354: Child: Starting 64 worker threads.
[Thu Oct 15 21:35:21.878119 2020] [mpm_winnt:notice] [pid 1196:tid 656] AH00422: Parent: Received shutdown signal -- Shutting down the server.
[Thu Oct 15 21:35:23.913036 2020] [mpm_winnt:notice] [pid 17220:tid 656] AH00364: Child: All worker threads have exited.
[Thu Oct 15 21:35:24.725607 2020] [mpm_winnt:notice] [pid 1196:tid 656] AH00430: Parent: Child process 17220 exited successfully.
[Thu Oct 15 21:36:07.098556 2020] [ssl:warn] [pid 4184:tid 568] AH01909: localhost:443:0 server certificate does NOT include an ID which matches the server name
[Thu Oct 15 21:36:07.183204 2020] [ssl:warn] [pid 4184:tid 568] AH01909: localhost:443:0 server certificate does NOT include an ID which matches the server name
[Thu Oct 15 21:36:07.283474 2020] [mpm_winnt:notice] [pid 4184:tid 568] AH00455: Apache/2.4.46 (Win64) OpenSSL/1.1.1g PHP/7.4.10 configured -- resuming normal operations
[Thu Oct 15 21:36:07.283474 2020] [mpm_winnt:notice] [pid 4184:tid 568] AH00456: Apache Lounge VC15 Server built: Aug  4 2020 11:50:23
[Thu Oct 15 21:36:07.283474 2020] [core:notice] [pid 4184:tid 568] AH00094: Command line: 'C:\\Bitnami\\wordpress-5.5.1-1\\apache2\\bin\\httpd.exe -d C:/Bitnami/wordpress-5.5.1-1/apache2 -f C:\\Bitnami\\wordpress-5.5.1-1\\apache2\\conf\\httpd.conf'
[Thu Oct 15 21:36:07.283474 2020] [mpm_winnt:notice] [pid 4184:tid 568] AH00418: Parent: Created child process 6720
[Thu Oct 15 21:36:07.846849 2020] [ssl:warn] [pid 6720:tid 628] AH01909: localhost:443:0 server certificate does NOT include an ID which matches the server name
[Thu Oct 15 21:36:07.907413 2020] [ssl:warn] [pid 6720:tid 628] AH01909: localhost:443:0 server certificate does NOT include an ID which matches the server name
[Thu Oct 15 21:36:07.937667 2020] [mpm_winnt:notice] [pid 6720:tid 628] AH00354: Child: Starting 64 worker threads.
mysqldump: Got error: 2005: Unknown MySQL server host '127.0.0.1:3308' (2) when trying to connect
mysqldump: Got error: 2005: Unknown MySQL server host '127.0.0.1:3308' (2) when trying to connect
[Fri Oct 16 03:59:17.261561 2020] [php7:error] [pid 6720:tid 1216] [client 127.0.0.1:63533] PHP Parse error:  syntax error, unexpected ']', expecting ')' in C:\\Bitnami\\wordpress-5.5.1-1\\apps\\wordpress\\htdocs\\wp-config.php on line 95
mysqldump: Got error: 2005: Unknown MySQL server host '127.0.0.1:3308' (2) when trying to connect
mysqldump: Got error: 2005: Unknown MySQL server host '127.0.0.1:3308' (2) when trying to connect
[Mon Oct 26 16:12:42.785284 2020] [mpm_winnt:notice] [pid 4184:tid 568] AH00422: Parent: Received shutdown signal -- Shutting down the server.
[Mon Oct 26 16:12:44.817710 2020] [mpm_winnt:notice] [pid 6720:tid 628] AH00364: Child: All worker threads have exited.
[Mon Oct 26 16:12:45.520866 2020] [mpm_winnt:notice] [pid 4184:tid 568] AH00430: Parent: Child process 6720 exited successfully.
[Tue Oct 27 12:25:35.932909 2020] [ssl:warn] [pid 4884:tid 720] AH01909: localhost:443:0 server certificate does NOT include an ID which matches the server name
[Tue Oct 27 12:25:36.011424 2020] [ssl:warn] [pid 4884:tid 720] AH01909: localhost:443:0 server certificate does NOT include an ID which matches the server name
[Tue Oct 27 12:25:36.114164 2020] [mpm_winnt:notice] [pid 4884:tid 720] AH00455: Apache/2.4.46 (Win64) OpenSSL/1.1.1g PHP/7.4.10 configured -- resuming normal operations
[Tue Oct 27 12:25:36.114164 2020] [mpm_winnt:notice] [pid 4884:tid 720] AH00456: Apache Lounge VC15 Server built: Aug  4 2020 11:50:23
[Tue Oct 27 12:25:36.114164 2020] [core:notice] [pid 4884:tid 720] AH00094: Command line: 'C:\\Bitnami\\wordpress-5.5.1-1\\apache2\\bin\\httpd.exe -d C:/Bitnami/wordpress-5.5.1-1/apache2 -f C:\\Bitnami\\wordpress-5.5.1-1\\apache2\\conf\\httpd.conf'
[Tue Oct 27 12:25:36.114164 2020] [mpm_winnt:notice] [pid 4884:tid 720] AH00418: Parent: Created child process 6892
[Tue Oct 27 12:25:36.648944 2020] [ssl:warn] [pid 6892:tid 688] AH01909: localhost:443:0 server certificate does NOT include an ID which matches the server name
[Tue Oct 27 12:25:36.709598 2020] [ssl:warn] [pid 6892:tid 688] AH01909: localhost:443:0 server certificate does NOT include an ID which matches the server name
[Tue Oct 27 12:25:36.740599 2020] [mpm_winnt:notice] [pid 6892:tid 688] AH00354: Child: Starting 64 worker threads.
[Thu Oct 29 16:13:42.818045 2020] [mpm_winnt:notice] [pid 4884:tid 720] AH00428: Parent: child process 6892 exited with status 3221226356 -- Restarting.
[Thu Oct 29 16:13:42.882048 2020] [ssl:warn] [pid 4884:tid 720] AH01909: localhost:443:0 server certificate does NOT include an ID which matches the server name
[Thu Oct 29 16:13:42.913055 2020] [mpm_winnt:notice] [pid 4884:tid 720] AH00455: Apache/2.4.46 (Win64) OpenSSL/1.1.1g PHP/7.4.10 configured -- resuming normal operations
[Thu Oct 29 16:13:42.913055 2020] [mpm_winnt:notice] [pid 4884:tid 720] AH00456: Apache Lounge VC15 Server built: Aug  4 2020 11:50:23
[Thu Oct 29 16:13:42.913055 2020] [core:notice] [pid 4884:tid 720] AH00094: Command line: 'C:\\Bitnami\\wordpress-5.5.1-1\\apache2\\bin\\httpd.exe -d C:/Bitnami/wordpress-5.5.1-1/apache2 -f C:\\Bitnami\\wordpress-5.5.1-1\\apache2\\conf\\httpd.conf'
[Thu Oct 29 16:13:42.914048 2020] [mpm_winnt:notice] [pid 4884:tid 720] AH00418: Parent: Created child process 11796
[Thu Oct 29 16:13:43.236140 2020] [ssl:warn] [pid 11796:tid 664] AH01909: localhost:443:0 server certificate does NOT include an ID which matches the server name
[Thu Oct 29 16:13:43.285152 2020] [ssl:warn] [pid 11796:tid 664] AH01909: localhost:443:0 server certificate does NOT include an ID which matches the server name
[Thu Oct 29 16:13:43.310145 2020] [mpm_winnt:notice] [pid 11796:tid 664] AH00354: Child: Starting 64 worker threads.
[Thu Oct 29 16:16:03.290976 2020] [mpm_winnt:notice] [pid 4884:tid 720] AH00428: Parent: child process 11796 exited with status 3221226356 -- Restarting.
[Thu Oct 29 16:16:03.344003 2020] [ssl:warn] [pid 4884:tid 720] AH01909: localhost:443:0 server certificate does NOT include an ID which matches the server name
[Thu Oct 29 16:16:03.366009 2020] [mpm_winnt:notice] [pid 4884:tid 720] AH00455: Apache/2.4.46 (Win64) OpenSSL/1.1.1g PHP/7.4.10 configured -- resuming normal operations
[Thu Oct 29 16:16:03.366009 2020] [mpm_winnt:notice] [pid 4884:tid 720] AH00456: Apache Lounge VC15 Server built: Aug  4 2020 11:50:23
[Thu Oct 29 16:16:03.366009 2020] [core:notice] [pid 4884:tid 720] AH00094: Command line: 'C:\\Bitnami\\wordpress-5.5.1-1\\apache2\\bin\\httpd.exe -d C:/Bitnami/wordpress-5.5.1-1/apache2 -f C:\\Bitnami\\wordpress-5.5.1-1\\apache2\\conf\\httpd.conf'
[Thu Oct 29 16:16:03.367010 2020] [mpm_winnt:notice] [pid 4884:tid 720] AH00418: Parent: Created child process 3112
[Thu Oct 29 16:16:03.680880 2020] [ssl:warn] [pid 3112:tid 652] AH01909: localhost:443:0 server certificate does NOT include an ID which matches the server name
[Thu Oct 29 16:16:03.729891 2020] [ssl:warn] [pid 3112:tid 652] AH01909: localhost:443:0 server certificate does NOT include an ID which matches the server name
[Thu Oct 29 16:16:03.753897 2020] [mpm_winnt:notice] [pid 3112:tid 652] AH00354: Child: Starting 64 worker threads.
[Thu Oct 29 16:22:51.170516 2020] [mpm_winnt:notice] [pid 4884:tid 720] AH00428: Parent: child process 3112 exited with status 3221226356 -- Restarting.
[Thu Oct 29 16:22:51.220548 2020] [ssl:warn] [pid 4884:tid 720] AH01909: localhost:443:0 server certificate does NOT include an ID which matches the server name
[Thu Oct 29 16:22:51.242548 2020] [mpm_winnt:notice] [pid 4884:tid 720] AH00455: Apache/2.4.46 (Win64) OpenSSL/1.1.1g PHP/7.4.10 configured -- resuming normal operations
[Thu Oct 29 16:22:51.242548 2020] [mpm_winnt:notice] [pid 4884:tid 720] AH00456: Apache Lounge VC15 Server built: Aug  4 2020 11:50:23
[Thu Oct 29 16:22:51.242548 2020] [core:notice] [pid 4884:tid 720] AH00094: Command line: 'C:\\Bitnami\\wordpress-5.5.1-1\\apache2\\bin\\httpd.exe -d C:/Bitnami/wordpress-5.5.1-1/apache2 -f C:\\Bitnami\\wordpress-5.5.1-1\\apache2\\conf\\httpd.conf'
[Thu Oct 29 16:22:51.245554 2020] [mpm_winnt:notice] [pid 4884:tid 720] AH00418: Parent: Created child process 10608
[Thu Oct 29 16:22:51.594481 2020] [ssl:warn] [pid 10608:tid 752] AH01909: localhost:443:0 server certificate does NOT include an ID which matches the server name
[Thu Oct 29 16:22:51.644487 2020] [ssl:warn] [pid 10608:tid 752] AH01909: localhost:443:0 server certificate does NOT include an ID which matches the server name
[Thu Oct 29 16:22:51.669493 2020] [mpm_winnt:notice] [pid 10608:tid 752] AH00354: Child: Starting 64 worker threads.
mysqldump: Got error: 2005: Unknown MySQL server host '127.0.0.1:3308' (2) when trying to connect
mysqldump: Got error: 2005: Unknown MySQL server host '127.0.0.1:3308' (2) when trying to connect
mysqldump: Got error: 2005: Unknown MySQL server host '127.0.0.1:3308' (2) when trying to connect
mysqldump: Got error: 2005: Unknown MySQL server host '127.0.0.1:3308' (2) when trying to connect
[Sun Nov 15 20:47:23.156910 2020] [mpm_winnt:notice] [pid 4884:tid 720] AH00422: Parent: Received shutdown signal -- Shutting down the server.
[Sun Nov 15 20:47:25.203058 2020] [mpm_winnt:notice] [pid 10608:tid 752] AH00364: Child: All worker threads have exited.
[Sun Nov 15 20:47:25.765592 2020] [mpm_winnt:notice] [pid 4884:tid 720] AH00430: Parent: Child process 10608 exited successfully.
[Sun Nov 15 20:48:06.327332 2020] [ssl:warn] [pid 4336:tid 484] AH01909: localhost:443:0 server certificate does NOT include an ID which matches the server name
[Sun Nov 15 20:48:06.371443 2020] [ssl:warn] [pid 4336:tid 484] AH01909: localhost:443:0 server certificate does NOT include an ID which matches the server name
[Sun Nov 15 20:48:06.474725 2020] [mpm_winnt:notice] [pid 4336:tid 484] AH00455: Apache/2.4.46 (Win64) OpenSSL/1.1.1g PHP/7.4.10 configured -- resuming normal operations
[Sun Nov 15 20:48:06.474725 2020] [mpm_winnt:notice] [pid 4336:tid 484] AH00456: Apache Lounge VC15 Server built: Aug  4 2020 11:50:23
[Sun Nov 15 20:48:06.474725 2020] [core:notice] [pid 4336:tid 484] AH00094: Command line: 'C:\\Bitnami\\wordpress-5.5.1-1\\apache2\\bin\\httpd.exe -d C:/Bitnami/wordpress-5.5.1-1/apache2 -f C:\\Bitnami\\wordpress-5.5.1-1\\apache2\\conf\\httpd.conf'
[Sun Nov 15 20:48:06.474725 2020] [mpm_winnt:notice] [pid 4336:tid 484] AH00418: Parent: Created child process 6752
[Sun Nov 15 20:48:06.847050 2020] [ssl:warn] [pid 6752:tid 712] AH01909: localhost:443:0 server certificate does NOT include an ID which matches the server name
[Sun Nov 15 20:48:06.887263 2020] [ssl:warn] [pid 6752:tid 712] AH01909: localhost:443:0 server certificate does NOT include an ID which matches the server name
[Sun Nov 15 20:48:06.907366 2020] [mpm_winnt:notice] [pid 6752:tid 712] AH00354: Child: Starting 64 worker threads.
[Sun Nov 22 11:41:59.317676 2020] [mpm_winnt:notice] [pid 4336:tid 484] AH00422: Parent: Received shutdown signal -- Shutting down the server.
[Sun Nov 22 11:42:01.349205 2020] [mpm_winnt:notice] [pid 6752:tid 712] AH00364: Child: All worker threads have exited.
[Sun Nov 22 11:42:02.208618 2020] [mpm_winnt:notice] [pid 4336:tid 484] AH00430: Parent: Child process 6752 exited successfully.
[Sun Nov 22 11:47:39.996608 2020] [ssl:warn] [pid 4776:tid 716] AH01909: localhost:443:0 server certificate does NOT include an ID which matches the server name
[Sun Nov 22 11:47:40.069133 2020] [ssl:warn] [pid 4776:tid 716] AH01909: localhost:443:0 server certificate does NOT include an ID which matches the server name
[Sun Nov 22 11:47:40.169818 2020] [mpm_winnt:notice] [pid 4776:tid 716] AH00455: Apache/2.4.46 (Win64) OpenSSL/1.1.1g PHP/7.4.10 configured -- resuming normal operations
[Sun Nov 22 11:47:40.169818 2020] [mpm_winnt:notice] [pid 4776:tid 716] AH00456: Apache Lounge VC15 Server built: Aug  4 2020 11:50:23
[Sun Nov 22 11:47:40.169818 2020] [core:notice] [pid 4776:tid 716] AH00094: Command line: 'C:\\Bitnami\\wordpress-5.5.1-1\\apache2\\bin\\httpd.exe -d C:/Bitnami/wordpress-5.5.1-1/apache2 -f C:\\Bitnami\\wordpress-5.5.1-1\\apache2\\conf\\httpd.conf'
[Sun Nov 22 11:47:40.177865 2020] [mpm_winnt:notice] [pid 4776:tid 716] AH00418: Parent: Created child process 7088
[Sun Nov 22 11:47:40.647759 2020] [ssl:warn] [pid 7088:tid 680] AH01909: localhost:443:0 server certificate does NOT include an ID which matches the server name
[Sun Nov 22 11:47:40.699656 2020] [ssl:warn] [pid 7088:tid 680] AH01909: localhost:443:0 server certificate does NOT include an ID which matches the server name
[Sun Nov 22 11:47:40.730639 2020] [mpm_winnt:notice] [pid 7088:tid 680] AH00354: Child: Starting 64 worker threads.
[Tue Nov 24 16:38:31.494887 2020] [mpm_winnt:notice] [pid 4776:tid 716] AH00422: Parent: Received shutdown signal -- Shutting down the server.
[Tue Nov 24 16:38:33.529991 2020] [mpm_winnt:notice] [pid 7088:tid 680] AH00364: Child: All worker threads have exited.
[Tue Nov 24 16:38:33.561053 2020] [mpm_winnt:notice] [pid 4776:tid 716] AH00430: Parent: Child process 7088 exited successfully.
[Tue Nov 24 17:34:01.976979 2020] [ssl:warn] [pid 4584:tid 644] AH01909: localhost:443:0 server certificate does NOT include an ID which matches the server name
[Tue Nov 24 17:34:02.057615 2020] [ssl:warn] [pid 4584:tid 644] AH01909: localhost:443:0 server certificate does NOT include an ID which matches the server name
[Tue Nov 24 17:34:02.168352 2020] [mpm_winnt:notice] [pid 4584:tid 644] AH00455: Apache/2.4.46 (Win64) OpenSSL/1.1.1g PHP/7.4.10 configured -- resuming normal operations
[Tue Nov 24 17:34:02.168352 2020] [mpm_winnt:notice] [pid 4584:tid 644] AH00456: Apache Lounge VC15 Server built: Aug  4 2020 11:50:23
[Tue Nov 24 17:34:02.168352 2020] [core:notice] [pid 4584:tid 644] AH00094: Command line: 'C:\\Bitnami\\wordpress-5.5.1-1\\apache2\\bin\\httpd.exe -d C:/Bitnami/wordpress-5.5.1-1/apache2 -f C:\\Bitnami\\wordpress-5.5.1-1\\apache2\\conf\\httpd.conf'
[Tue Nov 24 17:34:02.168352 2020] [mpm_winnt:notice] [pid 4584:tid 644] AH00418: Parent: Created child process 7008
[Tue Nov 24 17:34:02.664102 2020] [ssl:warn] [pid 7008:tid 644] AH01909: localhost:443:0 server certificate does NOT include an ID which matches the server name
